

***********************************************************************
Fatal NI connect error 12170.

  VERSION INFORMATION:
	TNS for MacOS X Server: Version 10.2.0.4.0 - Production
	TCP/IP NT Protocol Adapter for MacOS X Server: Version 10.2.0.4.0 - Production
  Time: 15-SEP-2012 15:09:15
  Tracing not turned on.
  Tns error struct:
    ns main err code: 12535
    TNS-12535: Message 12535 not found; No message file for product=network, facility=TNS
    ns secondary err code: 12560
    nt main err code: 505
    TNS-00505: Message 505 not found; No message file for product=network, facility=TNS
    nt secondary err code: 60
    nt OS err code: 0


***********************************************************************
Fatal NI connect error 12541, connecting to:
 (DESCRIPTION=(CONNECT_DATA=(SERVICE_NAME=orcl.sapient.com)(CID=(PROGRAM=sqlplus)(HOST=Arsenal-Mac.local)(USER=gaurav)))(ADDRESS=(PROTOCOL=TCP)(HOST=92.242.132.8)(PORT=1521)))

  VERSION INFORMATION:
	TNS for MacOS X Server: Version 10.2.0.4.0 - Production
	TCP/IP NT Protocol Adapter for MacOS X Server: Version 10.2.0.4.0 - Production
  Time: 19-SEP-2012 11:45:32
  Tracing not turned on.
  Tns error struct:
    ns main err code: 12541
    TNS-12541: Message 12541 not found; No message file for product=network, facility=TNS
    ns secondary err code: 12560
    nt main err code: 511
    TNS-00511: Message 511 not found; No message file for product=network, facility=TNS
    nt secondary err code: 61


***********************************************************************
Fatal NI connect error 12541, connecting to:
 (DESCRIPTION=(ADDRESS=(PROTOCOL=TCP)(HOST=192.168.1.4)(PORT=1521))(CONNECT_DATA=(SID=orcl)(CID=(PROGRAM=sqlplus)(HOST=Arsenal-Mac.local)(USER=gaurav))))

  VERSION INFORMATION:
	TNS for MacOS X Server: Version 10.2.0.4.0 - Production
	TCP/IP NT Protocol Adapter for MacOS X Server: Version 10.2.0.4.0 - Production
  Time: 19-SEP-2012 11:45:58
  Tracing not turned on.
  Tns error struct:
    ns main err code: 12541
    TNS-12541: Message 12541 not found; No message file for product=network, facility=TNS
    ns secondary err code: 12560
    nt main err code: 511
    TNS-00511: Message 511 not found; No message file for product=network, facility=TNS
    nt secondary err code: 61


***********************************************************************
Fatal NI connect error 12541, connecting to:
 (DESCRIPTION=(ADDRESS=(PROTOCOL=TCP)(HOST=192.168.1.4)(PORT=1521))(CONNECT_DATA=(SID=orcl)(CID=(PROGRAM=sqlplus)(HOST=Arsenal-Mac.local)(USER=gaurav))))

  VERSION INFORMATION:
	TNS for MacOS X Server: Version 10.2.0.4.0 - Production
	TCP/IP NT Protocol Adapter for MacOS X Server: Version 10.2.0.4.0 - Production
  Time: 19-SEP-2012 11:46:18
  Tracing not turned on.
  Tns error struct:
    ns main err code: 12541
    TNS-12541: Message 12541 not found; No message file for product=network, facility=TNS
    ns secondary err code: 12560
    nt main err code: 511
    TNS-00511: Message 511 not found; No message file for product=network, facility=TNS
    nt secondary err code: 61


***********************************************************************
Fatal NI connect error 12541, connecting to:
 (DESCRIPTION=(ADDRESS=(PROTOCOL=TCP)(HOST=192.168.1.4)(PORT=1521))(CONNECT_DATA=(SID=orcl)(CID=(PROGRAM=sqlplus)(HOST=Arsenal-Mac.local)(USER=gaurav))))

  VERSION INFORMATION:
	TNS for MacOS X Server: Version 10.2.0.4.0 - Production
	TCP/IP NT Protocol Adapter for MacOS X Server: Version 10.2.0.4.0 - Production
  Time: 19-SEP-2012 11:47:03
  Tracing not turned on.
  Tns error struct:
    ns main err code: 12541
    TNS-12541: Message 12541 not found; No message file for product=network, facility=TNS
    ns secondary err code: 12560
    nt main err code: 511
    TNS-00511: Message 511 not found; No message file for product=network, facility=TNS
    nt secondary err code: 61


***********************************************************************
Fatal NI connect error 12541, connecting to:
 (DESCRIPTION=(ADDRESS=(PROTOCOL=TCP)(HOST=192.168.1.4)(PORT=1521))(CONNECT_DATA=(SID=orcl)(CID=(PROGRAM=sqlplus)(HOST=Arsenal-Mac.local)(USER=gaurav))))

  VERSION INFORMATION:
	TNS for MacOS X Server: Version 10.2.0.4.0 - Production
	TCP/IP NT Protocol Adapter for MacOS X Server: Version 10.2.0.4.0 - Production
  Time: 19-SEP-2012 11:48:06
  Tracing not turned on.
  Tns error struct:
    ns main err code: 12541
    TNS-12541: Message 12541 not found; No message file for product=network, facility=TNS
    ns secondary err code: 12560
    nt main err code: 511
    TNS-00511: Message 511 not found; No message file for product=network, facility=TNS
    nt secondary err code: 61


***********************************************************************
Fatal NI connect error 12541, connecting to:
 (DESCRIPTION=(CONNECT_DATA=(SERVICE_NAME=orcl.sapient.com)(CID=(PROGRAM=sqlplus)(HOST=Arsenal-Mac.local)(USER=gaurav)))(ADDRESS=(PROTOCOL=TCP)(HOST=92.242.132.8)(PORT=1521)))

  VERSION INFORMATION:
	TNS for MacOS X Server: Version 10.2.0.4.0 - Production
	TCP/IP NT Protocol Adapter for MacOS X Server: Version 10.2.0.4.0 - Production
  Time: 19-SEP-2012 11:48:34
  Tracing not turned on.
  Tns error struct:
    ns main err code: 12541
    TNS-12541: Message 12541 not found; No message file for product=network, facility=TNS
    ns secondary err code: 12560
    nt main err code: 511
    TNS-00511: Message 511 not found; No message file for product=network, facility=TNS
    nt secondary err code: 61


***********************************************************************
Fatal NI connect error 12541, connecting to:
 (DESCRIPTION=(ADDRESS=(PROTOCOL=TCP)(HOST=192.168.1.4)(PORT=1521))(CONNECT_DATA=(SID=orcl)(CID=(PROGRAM=sqlplus)(HOST=Arsenal-Mac.local)(USER=gaurav))))

  VERSION INFORMATION:
	TNS for MacOS X Server: Version 10.2.0.4.0 - Production
	TCP/IP NT Protocol Adapter for MacOS X Server: Version 10.2.0.4.0 - Production
  Time: 19-SEP-2012 11:49:35
  Tracing not turned on.
  Tns error struct:
    ns main err code: 12541
    TNS-12541: Message 12541 not found; No message file for product=network, facility=TNS
    ns secondary err code: 12560
    nt main err code: 511
    TNS-00511: Message 511 not found; No message file for product=network, facility=TNS
    nt secondary err code: 61
